#
# A fatal error has been detected by the Java Runtime Environment:
#
#  SIGBUS (0x7) at pc=0x6d351fa0, pid=17040, tid=1745374016
#
# JRE version: 6.0_27-b27
# Java VM: OpenJDK Server VM (20.0-b12 mixed mode linux-x86 )
# Derivative: IcedTea6 1.12.3
# Distribution: Ubuntu 12.04 LTS, package 6b27-1.12.3-0ubuntu1~12.04
# Problematic frame:
# 
[error occurred during error reporting (printing problematic frame), id 0x7]

# If you would like to submit a bug report, please include
# instructions how to reproduce the bug and visit:
#   https://bugs.launchpad.net/ubuntu/+source/openjdk-6/
# The crash happened outside the Java Virtual Machine in native code.
# See problematic frame for where to report the bug.
#

---------------  T H R E A D  ---------------

Current thread (0x6d2cec00):  JavaThread "LWJGL Application" [_thread_in_native, id=17063, stack(0x68034000,0x68085000)]

siginfo:si_signo=SIGBUS: si_errno=0, si_code=2 (BUS_ADRERR), si_addr=0x6d351fa0

Registers:
EAX=0x6d351fa0, EBX=0x6ede1e88, ECX=0x6d2ced20, EDX=0x6ede2680
ESP=0x68083adc, EBP=0x68083b14, ESI=0x6ede1e88, EDI=0x6d2cec00
EIP=0x6d351fa0, EFLAGS=0x00010a03, CR2=0x6d351fa0

Top of Stack: (sp=0x68083adc)
0x68083adc:   b35fd64a 6d2ced20 68083b1c 00013880
0x68083aec:   68083b00 68083b24 68083af4 00000000
0x68083afc:   68083b24 6ede2680 00000000 6ede1e88
0x68083b0c:   00000000 68083b24 68083b48 b35f6047
0x68083b1c:   6ede2620 b35fb4d6 00013880 68083b28
0x68083b2c:   6ede1b81 68083b5c 6ede2680 6ee51680
0x68083b3c:   6ede1bd8 68083b24 68083b60 004fb041
0x68083b4c:   b36654e0 00000000 00000000 00000000 

Instructions: (pc=0x6d351fa0)
0x6d351f80:   ff 92 98 03 00 00 89 04 24 e8 e2 23 fd ff 83 c4
0x6d351f90:   18 5b c3 8d b6 00 00 00 00 8d bc 27 00 00 00 00
0x6d351fa0:   83 ec 1c 89 5c 24 10 e8 fb 31 fd ff 81 c3 48 c0
0x6d351fb0:   02 00 89 7c 24 18 8b 7c 24 28 89 74 24 14 8b 74 

Register to memory mapping:

EAX=