#
# A fatal error has been detected by the Java Runtime Environment:
#
#  SIGSEGV (0xb) at pc=0x00012826, pid=18264, tid=1743780672
#
# JRE version: 6.0_27-b27
# Java VM: OpenJDK Server VM (20.0-b12 mixed mode linux-x86 )
# Derivative: IcedTea6 1.12.3
# Distribution: Ubuntu 12.04 LTS, package 6b27-1.12.3-0ubuntu1~12.04
# Problematic frame:
# C  0x00012826
[error occurred during error reporting (printing problematic frame), id 0xb]

# If you would like to submit a bug report, please include
# instructions how to reproduce the bug and visit:
#   https://bugs.launchpad.net/ubuntu/+source/openjdk-6/
# The crash happened outside the Java Virtual Machine in native code.
# See problematic frame for where to report the bug.
#

---------------  T H R E A D  ---------------

Current thread (0x6d2ffc00):  JavaThread "LWJGL Application" [_thread_in_native, id=18292, stack(0x67eaf000,0x67f00000)]

siginfo:si_signo=SIGSEGV: si_errno=0, si_code=1 (SEGV_MAPERR), si_addr=0x00012826

Registers:
EAX=0x6d351fa0, EBX=0x6d37dff4, ECX=0x6d2ffd20, EDX=0x6edb2680
ESP=0x67efeabc, EBP=0x67efeb14, ESI=0x6d2ffd20, EDI=0x00013880
EIP=0x00012826, EFLAGS=0x00210212, CR2=0x00012826

Top of Stack: (sp=0x67efeabc)
0x67efeabc:   6d351fca 00013880 67efeaf8 feffffff
0x67efeacc:   65e93008 6edb1e88 6edb1e88 6d2ffc00
0x67efeadc:   b35ce64a 6d2ffd20 67efeb1c 00013880
0x67efeaec:   67efeb00 67efeb24 67efeaf4 00000000
0x67efeafc:   67efeb24 6edb2680 00000000 6edb1e88
0x67efeb0c:   00000000 67efeb24 67efeb48 b35c7047
0x67efeb1c:   6edb2620 b35cc4d6 00013880 67efeb28
0x67efeb2c:   6edb1b81 67efeb5c 6edb2680 6ee20020 

Instructions: (pc=0x00012826)
0x00012806:   
[error occurred during error reporting (printing registers, top of stack, instructions near pc), id 0xb]

Register to memory mapping:

EAX=
[error occurred during error reporting (printing register info), id 0xb]

Stack: [0x67eaf000,0x67f00000],  sp=0x67efeabc,  free space=318k
Native frames: (J=compiled Java code, j=interpreted, Vv=VM code, C=native code)
C  0x00012826
[error occurred during error reporting (printing native stack), id 0xb]

Java frames: (J=compiled Java code, j=interpreted, Vv=VM code)
j  com.badlogic.gdx.utils.BufferUtils.newDisposableByteBuffer(I)Ljava/nio/ByteBuffer;+0
j  com.badlogic.gdx.utils.BufferUtils.newUnsafeByteBuffer(I)Ljava/nio/ByteBuffer;+1
J  com.badlogic.gdx.graphics.g2d.SpriteBatch.<init>(IILcom/badlogic/gdx/graphics/glutils/ShaderProgram;)V
j  com.badlogic.gdx.graphics.g2d.SpriteBatch.<init>(ILcom/badlogic/gdx/graphics/glutils/ShaderProgram;)V+4
j  com.badlogic.gdx.graphics.g2d.SpriteBatch.<init>(I)V+3
j  com.badlogic.gdx.graphics.g2d.SpriteBatch.<init>()V+4
j  collisionalpha.game.Game.render()V+153
j  com.badlogic.gdx.backends.lwjgl.LwjglApplication.mainLoop()V+494
j  com.badlogic.gdx.backends.lwjgl.LwjglApplication$1.run()V+27
v  ~StubRoutines::call_stub

---------------  P R O C E S S  ---------------

Java Threads: ( => current thread )
  0xb6605800 JavaThread "DestroyJavaVM" [_thread_blocked, id=18269, stack(0xb674e000,0xb679f000)]
=>0x6d2ffc00 JavaThread "LWJGL Application" [_thread_in_native, id=18292, stack(0x67eaf000,0x67f00000)]
  0x6d2ca000 JavaThread "AWT-XAWT" daemon [_thread_in_native, id=18288, stack(0x6cd9e000,0x6cdef000)]
  0x6d289000 JavaThread "Java2D Disposer" daemon [_thread_blocked, id=18285, stack(0x6ce96000,0x6cee7000)]
  0xb66c7400 JavaThread "Low Memory Detector" daemon [_thread_blocked, id=18280, stack(0x6d72e000,0x6d77f000)]
  0xb66c5800 JavaThread "C2 CompilerThread1" daemon [_thread_blocked, id=18279, stack(0x6d77f000,0x6d800000)]
  0xb66c3800 JavaThread "C2 CompilerThread0" daemon [_thread_blocked, id=18278, stack(0x6d91b000,0x6d99c000)]
  0xb66c2000 JavaThread "Signal Dispatcher" daemon [_thread_blocked, id=18277, stack(0x6dd2e000,0x6dd7f000)]
  0xb66b2800 JavaThread "Finalizer" daemon [_thread_blocked, id=18276, stack(0x6e02e000,0x6e07f000)]
  0xb66b1000 JavaThread "Reference Handler" daemon [_thread_blocked, id=18275, stack(0x6d99c000,0x6d9ed000)]

Other Threads:
  0xb66ae000 VMThread [stack: 0x6d9ed000,0x6da6e000] [id=18274]
  0xb66c9400 WatcherThread [stack: 0x6d37f000,0x6d400000] [id=18281]

VM state:not at safepoint (normal execution)

VM Mutex/Monitor currently owned by a thread: None

Heap
 PSYoungGen      total 13888K, used 7345K [0x9f060000, 0x9ff50000, 0xb3500000)
  eden space 13120K, 54% used [0x9f060000,0x9f758568,0x9fd30000)
  from space 768K, 27% used [0x9fe90000,0x9fec4000,0x9ff50000)
  to   space 1088K, 0% used [0x9fd30000,0x9fd30000,0x9fe40000)
 PSOldGen        total 41600K, used 547K [0x76700000, 0x78fa0000, 0x9f060000)
  object space 41600K, 1% used [0x76700000,0x76788c30,0x78fa0000)
 PSPermGen       total 16384K, used 7302K [0x6e700000, 0x6f700000, 0x76700000)
  object space 16384K, 44% used [0x6e700000,0x6ee218a0,0x6f700000)

Code Cache  [0xb35c4000, 0xb3804000, 0xb65c4000)
 total_blobs=444 nmethods=176 adapters=223 free_code_cache=49748992 largest_free_block=11328

Dynamic libraries:
08048000-08051000 r-xp 00000000 08:06 2623438    /usr/lib/jvm/java-6-openjdk-i386/jre/bin/java
08051000-08052000 r--p 00008000 08:06 2623438    /usr/lib/jvm/java-6-openjdk-i386/jre/bin/java
08052000-08053000 rw-p 00009000 08:06 2623438    /usr/lib/jvm/java-6-openjdk-i386/jre/bin/java
09064000-091aa000 rw-p 00000000 00:00 0          [heap]
64500000-645aa000 rw-p 00000000 00:00 0 
645aa000-64600000 ---p 00000000 00:00 0 
64700000-6487d000 rw-p 00000000 00:00 0 
6487d000-64900000 ---p 00000000 00:00 0 
64900000-64a00000 rw-p 00000000 00:00 0 
64b00000-64be4000 rw-p 00000000 00:00 0 
64be4000-64c00000 ---p 00000000 00:00 0 
64c00000-64cf0000 rw-p 00000000 00:00 0 
64cf0000-64d00000 ---p 00000000 00:00 0 
64d00000-64e00000 rw-p 00000000 00:00 0 
64e4c000-64ecd000 rw-p 00000000 00:00 0 
64ecd000-64fcd000 rw-s 30b68000 00:05 9818       /dev/nvidia0
64fcd000-65200000 rw-p 00000000 00:00 0 
65200000-652fa000 rw-p 00000000 00:00 0 
652fa000-65300000 ---p 00000000 00:00 0 
65300000-65400000 rw-s 2b309000 00:05 9818       /dev/nvidia0
65400000-65600000 rw-p 00000000 00:00 0 
65600000-65800000 rw-p 00000000 00:00 0 
65800000-65900000 rw-p 00000000 00:00 0 
659c0000-65bc0000 rw-s 2e502000 00:05 9818       /dev/nvidia0
65bc0000-65cc0000 rw-s 2aedf000 00:05 9818       /dev/nvidia0
65cc0000-65d00000 rw-s 2ad41000 00:05 9818       /dev/nvidia0
65d00000-65e00000 rw-p 00000000 00:00 0 
65e33000-65e53000 rw-s 210c1000 00:05 9818       /dev/nvidia0
65e53000-65e93000 rw-s 21041000 00:05 9818       /dev/nvidia0
65e93000-66000000 rw-p 00000000 00:00 0 
66000000-660f3000 rw-p 00000000 00:00 0 
660f3000-66100000 ---p 00000000 00:00 0 
66116000-66150000 rw-p 00000000 00:00 0 
66150000-67d10000 r-xp 00000000 08:06 266378     /usr/lib/nvidia-current/libnvidia-glcore.so.295.40
67d10000-67d72000 rwxp 01bbf000 08:06 266378     /usr/lib/nvidia-current/libnvidia-glcore.so.295.40
67d72000-67d86000 rwxp 00000000 00:00 0 
67d86000-67e30000 r-xp 00000000 08:06 266382     /usr/lib/nvidia-current/libGL.so.295.40
67e30000-67e4f000 rwxp 000aa000 08:06 266382     /usr/lib/nvidia-current/libGL.so.295.40
67e4f000-67e5e000 rwxp 00000000 00:00 0 
67e5e000-67e61000 ---p 00000000 00:00 0 
67e61000-67eaf000 rw-p 00000000 00:00 0 
67eaf000-67eb2000 ---p 00000000 00:00 0 
67eb2000-67f00000 rw-p 00000000 00:00 0 
67f00000-67f22000 rw-p 00000000 00:00 0 
67f22000-68000000 ---p 00000000 00:00 0 
68032000-6804f000 rw-s 2f6b5000 00:05 9818       /dev/nvidia0
6804f000-68050000 ---p 00000000 00:00 0 
68050000-68150000 rw-p 00000000 00:00 0 
68150000-6c151000 rw-s 00000000 00:12 46782      /run/shm/pulse-shm-402679838
6c151000-6c17a000 rw-p 00000000 00:00 0 
6c17a000-6c17b000 ---p 00000000 00:00 0 
6c17b000-6c97b000 rw-p 00000000 00:00 0 
6c97b000-6c98e000 r-xp 00000000 08:06 9048551    /lib/i386-linux-gnu/libresolv-2.15.so
6c98e000-6c98f000 ---p 00013000 08:06 9048551    /lib/i386-linux-gnu/libresolv-2.15.so
6c98f000-6c990000 r--p 00013000 08:06 9048551    /lib/i386-linux-gnu/libresolv-2.15.so
6c990000-6c991000 rw-p 00014000 08:06 9048551    /lib/i386-linux-gnu/libresolv-2.15.so
6c991000-6c993000 rw-p 00000000 00:00 0 
6c993000-6c9bc000 r-xp 00000000 08:06 267262     /usr/lib/i386-linux-gnu/libvorbis.so.0.4.5
6c9bc000-6c9bd000 r--p 00028000 08:06 267262     /usr/lib/i386-linux-gnu/libvorbis.so.0.4.5
6c9bd000-6c9be000 rw-p 00029000 08:06 267262     /usr/lib/i386-linux-gnu/libvorbis.so.0.4.5
6c9be000-6cb24000 r-xp 00000000 08:06 267264     /usr/lib/i386-linux-gnu/libvorbisenc.so.2.0.8
6cb24000-6cb35000 r--p 00165000 08:06 267264     /usr/lib/i386-linux-gnu/libvorbisenc.so.2.0.8
6cb35000-6cb36000 rw-p 00176000 08:06 267264     /usr/lib/i386-linux-gnu/libvorbisenc.so.2.0.8
6cb36000-6cb82000 r-xp 00000000 08:06 266631     /usr/lib/i386-linux-gnu/libFLAC.so.8.2.0
6cb82000-6cb83000 r--p 0004b000 08:06 266631     /usr/lib/i386-linux-gnu/libFLAC.so.8.2.0
6cb83000-6cb84000 rw-p 0004c000 08:06 266631     /usr/lib/i386-linux-gnu/libFLAC.so.8.2.0
6cb84000-6cbf0000 r-xp 00000000 08:06 267199     /usr/lib/i386-linux-gnu/libsndfile.so.1.0.25
6cbf0000-6cbf1000 r--p 0006c000 08:06 267199     /usr/lib/i386-linux-gnu/libsndfile.so.1.0.25
6cbf1000-6cbf2000 rw-p 0006d000 08:06 267199     /usr/lib/i386-linux-gnu/libsndfile.so.1.0.25
6cbf2000-6cbf6000 rw-p 00000000 00:00 0 
6cbf6000-6cc3d000 r-xp 00000000 08:06 9043994    /lib/i386-linux-gnu/libdbus-1.so.3.5.8
6cc3d000-6cc3e000 r--p 00047000 08:06 9043994    /lib/i386-linux-gnu/libdbus-1.so.3.5.8
6cc3e000-6cc3f000 rw-p 00048000 08:06 9043994    /lib/i386-linux-gnu/libdbus-1.so.3.5.8
6cc3f000-6cca2000 r-xp 00000000 08:06 264123     /usr/lib/i386-linux-gnu/libpulsecommon-1.1.so
6cca2000-6cca3000 r--p 00062000 08:06 264123     /usr/lib/i386-linux-gnu/libpulsecommon-1.1.so
6cca3000-6cca4000 rw-p 00063000 08:06 264123     /usr/lib/i386-linux-gnu/libpulsecommon-1.1.so
6cca4000-6ccf0000 r-xp 00000000 08:06 264124     /usr/lib/i386-linux-gnu/libpulse.so.0.13.5
6ccf0000-6ccf1000 r--p 0004b000 08:06 264124     /usr/lib/i386-linux-gnu/libpulse.so.0.13.5
6ccf1000-6ccf2000 rw-p 0004c000 08:06 264124     /usr/lib/i386-linux-gnu/libpulse.so.0.13.5
6ccf2000-6cd3d000 r-xp 00000000 08:06 12451880   /tmp/libgdxsamuel/1242687446/libopenal.so
6cd3d000-6cd3e000 r--p 0004b000 08:06 12451880   /tmp/libgdxsamuel/1242687446/libopenal.so
6cd3e000-6cd3f000 rw-p 0004c000 08:06 12451880   /tmp/libgdxsamuel/1242687446/libopenal.so
6cd3f000-6cd9c000 r-xp 00000000 08:06 12451881   /tmp/libgdxsamuel/1242687446/liblwjgl.so
6cd9c000-6cd9d000 r--p 0005c000 08:06 12451881   /tmp/libgdxsamuel/1242687446/liblwjgl.so
6cd9d000-6cd9e000 rw-p 0005d000 08:06 12451881   /tmp/libgdxsamuel/1242687446/liblwjgl.so
6cd9e000-6cda1000 ---p 00000000 00:00 0 
6cda1000-6cdef000 rw-p 00000000 00:00 0 
6cdef000-6cdf0000 r--s 00000000 08:06 3414082    /var/cache/fontconfig/c05880de57d1f5e948fdfacc138775d9-le32d4.cache-3
6cdf0000-6cdf6000 r--s 00000000 08:06 3407975    /var/cache/fontconfig/945677eb7aeaf62f1d50efc3fb3ec7d8-le32d4.cache-3
6cdf6000-6cdf8000 r--s 00000000 08:06 3414038    /var/cache/fontconfig/99e8ed0e538f840c565b6ed5dad60d56-le32d4.cache-3
6cdf8000-6cdfb000 r--s 00000000 08:06 3414036    /var/cache/fontconfig/2cd17615ca594fa2959ae173292e504c-le32d4.cache-3
6cdfb000-6cdfc000 r--s 00000000 08:06 3414035    /var/cache/fontconfig/e7071f4a29fa870f4323321c154eba04-le32d4.cache-3
6cdfc000-6cdfd000 r--s 00000000 08:06 3414034    /var/cache/fontconfig/0d8c3b2ac0904cb8a57a757ad11a4a08-le32d4.cache-3
6cdfd000-6ce01000 r--s 00000000 08:06 3414033    /var/cache/fontconfig/a755afe4a08bf5b97852ceb7400b47bc-le32d4.cache-3
6ce01000-6ce08000 r--s 00000000 08:06 3417652    /var/cache/fontconfig/6d41288fd70b0be22e8c3a91e032eec0-le32d4.cache-3
6ce08000-6ce13000 r--s 00000000 08:06 3414031    /var/cache/fontconfig/04aabc0a78ac019cf9454389977116d2-le32d4.cache-3
6ce13000-6ce16000 r--s 00000000 08:06 3414030    /var/cache/fontconfig/385c0604a188198f04d133e54aba7fe7-le32d4.cache-3
6ce16000-6ce17000 r--s 00000000 08:06 3414029    /var/cache/fontconfig/4794a0821666d79190d59a36cb4f44b5-le32d4.cache-3
6ce17000-6ce1a000 r--s 00000000 08:06 3416370    /var/cache/fontconfig/bbd3eebb6912613e2596f2fd46535a95-le32d4.cache-3
6ce1a000-6ce1d000 r--s 00000000 08:06 3414027    /var/cache/fontconfig/8801497958630a81b71ace7c5f9b32a8-le32d4.cache-3
6ce1d000-6ce21000 r--s 00000000 08:06 3414024    /var/cache/fontconfig/3047814df9a2f067bd2d96a2b9c36e5a-le32d4.cache-3
6ce21000-6ce23000 rw-p 00000000 00:00 0 
6ce23000-6ce25000 rw-s 00000000 08:06 12451875   /tmp/gl3u4fFb (deleted)
6ce25000-6ce27000 r-xs 00000000 08:06 12451875   /tmp/gl3u4fFb (deleted)
6ce27000-6ce2d000 r-xp 00000000 08:06 267104     /usr/lib/i386-linux-gnu/libogg.so.0.7.1
6ce2d000-6ce2e000 r--p 00005000 08:06 267104     /usr/lib/i386-linux-gnu/libogg.so.0.7.1
6ce2e000-6ce2f000 rw-p 00006000 08:06 267104     /usr/lib/i386-linux-gnu/libogg.so.0.7.1
6ce2f000-6ce34000 r-xp 00000000 08:06 266751     /usr/lib/i386-linux-gnu/libasyncns.so.0.3.1
6ce34000-6ce35000 r--p 00004000 08:06 266751     /usr/lib/i386-linux-gnu/libasyncns.so.0.3.1
6ce35000-6ce36000 rw-p 00005000 08:06 266751     /usr/lib/i386-linux-gnu/libasyncns.so.0.3.1
6ce36000-6ce3e000 r-xp 00000000 08:06 9045004    /lib/i386-linux-gnu/libwrap.so.0.7.6
6ce3e000-6ce3f000 r--p 00007000 08:06 9045004    /lib/i386-linux-gnu/libwrap.so.0.7.6
6ce3f000-6ce40000 rw-p 00008000 08:06 9045004    /lib/i386-linux-gnu/libwrap.so.0.7.6
6ce41000-6ce45000 rw-s 2e696000 00:05 9818       /dev/nvidia0
6ce45000-6ce46000 rw-s e0005000 00:05 9818       /dev/nvidia0
6ce46000-6ce47000 rw-s 2c22a000 00:05 9818       /dev/nvidia0
6ce47000-6ce4b000 rw-s 21151000 00:05 9818       /dev/nvidia0
6ce4b000-6ce4c000 rw-s dcc0c000 00:05 9818       /dev/nvidia0
6ce4c000-6ce4f000 r-xp 00000000 08:06 266361     /usr/lib/nvidia-current/tls/libnvidia-tls.so.295.40
6ce4f000-6ce50000 rw-p 00002000 08:06 266361     /usr/lib/nvidia-current/tls/libnvidia-tls.so.295.40
6ce50000-6ce57000 r--s 00000000 08:06 263868     /usr/lib/i386-linux-gnu/gconv/gconv-modules.cache
6ce57000-6ce5b000 r-xp 00000000 08:06 266709     /usr/lib/i386-linux-gnu/libXfixes.so.3.1.0
6ce5b000-6ce5c000 r--p 00004000 08:06 266709     /usr/lib/i386-linux-gnu/libXfixes.so.3.1.0
6ce5c000-6ce5d000 rw-p 00005000 08:06 266709     /usr/lib/i386-linux-gnu/libXfixes.so.3.1.0
6ce5d000-6ce66000 r-xp 00000000 08:06 266701     /usr/lib/i386-linux-gnu/libXcursor.so.1.0.2
6ce66000-6ce67000 r--p 00008000 08:06 266701     /usr/lib/i386-linux-gnu/libXcursor.so.1.0.2
6ce67000-6ce68000 rw-p 00009000 08:06 266701     /usr/lib/i386-linux-gnu/libXcursor.so.1.0.2
6ce68000-6ce69000 rw-s dcc0a000 00:05 9818       /dev/nvidia0
6ce69000-6ce6a000 rw-s dc641000 00:05 9818       /dev/nvidia0
6ce6a000-6ce6b000 rw-s 2f67b000 00:05 9818       /dev/nvidia0
6ce6b000-6ce71000 r-xp 00000000 08:06 267038     /usr/lib/i386-linux-gnu/libjson.so.0.0.1
6ce71000-6ce72000 r--p 00005000 08:06 267038     /usr/lib/i386-linux-gnu/libjson.so.0.0.1
6ce72000-6ce73000 rw-p 00006000 08:06 267038     /usr/lib/i386-linux-gnu/libjson.so.0.0.1
6ce73000-6ce7a000 r-xp 00000000 08:06 266725     /usr/lib/i386-linux-gnu/libXrandr.so.2.2.0
6ce7a000-6ce7b000 r--p 00006000 08:06 266725     /usr/lib/i386-linux-gnu/libXrandr.so.2.2.0
6ce7b000-6ce7c000 rw-p 00007000 08:06 266725     /usr/lib/i386-linux-gnu/libXrandr.so.2.2.0
6ce7c000-6ce7d000 r-xp 00000000 08:06 790391     /usr/lib/jvm/java-6-openjdk-i386/jre/lib/i386/libjawt.so
6ce7d000-6ce7e000 r--p 00000000 08:06 790391     /usr/lib/jvm/java-6-openjdk-i386/jre/lib/i386/libjawt.so
6ce7e000-6ce7f000 rw-p 00001000 08:06 790391     /usr/lib/jvm/java-6-openjdk-i386/jre/lib/i386/libjawt.so
6ce7f000-6ce80000 r--s 00000000 08:06 3414022    /var/cache/fontconfig/b9d506c9ac06c20b433354fa67a72993-le32d4.cache-3
6ce80000-6ce84000 r--s 00000000 08:06 3413907    /var/cache/fontconfig/b47c4e1ecd0709278f4910c18777a504-le32d4.cache-3
6ce84000-6ce91000 r--s 00000000 08:06 3407964    /var/cache/fontconfig/d52a8644073d54c13679302ca1180695-le32d4.cache-3
6ce91000-6ce93000 r--s 00000000 08:06 3407972    /var/cache/fontconfig/e13b20fdb08344e0e664864cc2ede53d-le32d4.cache-3
6ce93000-6ce96000 r--s 00000000 08:06 3416369    /var/cache/fontconfig/7ef2298fde41cc6eeb7af42e48b7d293-le32d4.cache-3
6ce96000-6ce99000 ---p 00000000 00:00 0 
6ce99000-6cee7000 rw-p 00000000 00:00 0 
6cee7000-6cf7c000 r-xp 00000000 08:06 263766     /usr/lib/i386-linux-gnu/libfreetype.so.6.8.0
6cf7c000-6cf80000 r--p 00094000 08:06 263766     /usr/lib/i386-linux-gnu/libfreetype.so.6.8.0
6cf80000-6cf81000 rw-p 00098000 08:06 263766     /usr/lib/i386-linux-gnu/libfreetype.so.6.8.0
6cf81000-6cfbb000 r-xp 00000000 08:06 790398     /usr/lib/jvm/java-6-openjdk-i386/jre/lib/i386/libfontmanager.so
6cfbb000-6cfbc000 r--p 00039000 08:06 790398     /usr/lib/jvm/java-6-openjdk-i386/jre/lib/i386/libfontmanager.so
6cfbc000-6cfbd000 rw-p 0003a000 08:06 790398     /usr/lib/jvm/java-6-openjdk-i386/jre/lib/i386/libfontmanager.so
6cfbd000-6d0ed000 r-xp 00000000 08:06 266692     /usr/lib/i386-linux-gnu/libX11.so.6.3.0
6d0ed000-6d0ee000 r--p 0012f000 08:06 266692     /usr/lib/i386-linux-gnu/libX11.so.6.3.0
6d0ee000-6d0f0000 rw-p 00130000 08:06 266692     /usr/lib/i386-linux-gnu/libX11.so.6.3.0
6d0f0000-6d0f1000 rw-p 00000000 00:00 0 
6d0f1000-6d13d000 r-xp 00000000 08:06 2888210    /usr/lib/jvm/java-6-openjdk-i386/jre/lib/i386/xawt/libmawt.so
6d13d000-6d13e000 r--p 0004b000 08:06 2888210    /usr/lib/jvm/java-6-openjdk-i386/jre/lib/i386/xawt/libmawt.so
6d13e000-6d140000 rw-p 0004c000 08:06 2888210    /usr/lib/jvm/java-6-openjdk-i386/jre/lib/i386/xawt/libmawt.so
6d140000-6d141000 rw-p 00000000 00:00 0 
6d141000-6d1d4000 r-xp 00000000 08:06 790394     /usr/lib/jvm/java-6-openjdk-i386/jre/lib/i386/libawt.so
6d1d4000-6d1d5000 r--p 00092000 08:06 790394     /usr/lib/jvm/java-6-openjdk-i386/jre/lib/i386/libawt.so
6d1d5000-6d1dc000 rw-p 00093000 08:06 790394     /usr/lib/jvm/java-6-openjdk-i386/jre/lib/i386/libawt.so
6d1dc000-6d200000 rw-p 00000000 00:00 0 
6d200000-6d300000 rw-p 00000000 00:00 0 
6d300000-6d301000 rw-s 2adc2000 00:05 9818       /dev/nvidia0
6d301000-6d307000 r--s 00000000 08:06 3407975    /var/cache/fontconfig/945677eb7aeaf62f1d50efc3fb3ec7d8-le32d4.cache-3
6d307000-6d30b000 r--s 00000000 08:06 3414033    /var/cache/fontconfig/a755afe4a08bf5b97852ceb7400b47bc-le32d4.cache-3
6d30b000-6d312000 r--s 00000000 08:06 3417652    /var/cache/fontconfig/6d41288fd70b0be22e8c3a91e032eec0-le32d4.cache-3
6d312000-6d37d000 r-xp 00000000 08:06 12451879   /tmp/libgdxsamuel/1242687446/libgdx.so
6d37d000-6d37e000 r--p 0006a000 08:06 12451879   /tmp/libgdxsamuel/1242687446/libgdx.so
6d37e000-6d37f000 rw-p 0006b000 08:06 12451879   /tmp/libgdxsamuel/1242687446/libgdx.so
6d37f000-6d380000 ---p 00000000 00:00 0 
6d380000-6d400000 rw-p 00000000 00:00 0 
6d400000-6d600000 r--p 00000000 08:06 269313     /usr/lib/locale/locale-archive
6d600000-6d621000 rw-p 00000000 00:00 0 
6d621000-6d700000 ---p 00000000 00:00 0 
6d700000-6d701000 rw-s dc060000 00:05 9818       /dev/nvidia0
6d701000-6d702000 r--s 00000000 08:06 3414023    /var/cache/fontconfig/56cf4f4769d0f4abc89a4895d7bd3ae1-le32d4.cache-3
6d702000-6d70d000 r--s 00000000 08:06 3414031    /var/cache/fontconfig/04aabc0a78ac019cf9454389977116d2-le32d4.cache-3
6d70d000-6d72c000 r-xp 00000000 08:06 263743     /usr/lib/i386-linux-gnu/libxcb.so.1.1.0
6d72c000-6d72d000 r--p 0001f000 08:06 263743     /usr/lib/i386-linux-gnu/libxcb.so.1.1.0
6d72d000-6d72e000 rw-p 00020000 08:06 263743     /usr/lib/i386-linux-gnu/libxcb.so.1.1.0
6d72e000-6d731000 ---p 00000000 00:00 0 
6d731000-6d77f000 rw-p 00000000 00:00 0 
6d77f000-6d782000 ---p 00000000 00:00 0 
6d782000-6d800000 rw-p 00000000 00:00 0 
6d800000-6d8ff000 rw-p 00000000 00:00 0 
6d8ff000-6d900000 ---p 00000000 00:00 0 
6d900000-6d903000 r--s 00000000 08:06 3414036    /var/cache/fontconfig/2cd17615ca594fa2959ae173292e504c-le32d4.cache-3
6d903000-6d906000 r--s 00000000 08:06 3414030    /var/cache/fontconfig/385c0604a188198f04d133e54aba7fe7-le32d4.cache-3
6d906000-6d909000 r--s 00000000 08:06 3416370    /var/cache/fontconfig/bbd3eebb6912613e2596f2fd46535a95-le32d4.cache-3
6d909000-6d90c000 r--s 00000000 08:06 3414027    /var/cache/fontconfig/8801497958630a81b71ace7c5f9b32a8-le32d4.cache-3
6d90c000-6d910000 r--s 00000000 08:06 3414024    /var/cache/fontconfig/3047814df9a2f067bd2d96a2b9c36e5a-le32d4.cache-3
6d910000-6d915000 r-xp 00000000 08:06 266705     /usr/lib/i386-linux-gnu/libXdmcp.so.6.0.0
6d915000-6d916000 r--p 00004000 08:06 266705     /usr/lib/i386-linux-gnu/libXdmcp.so.6.0.0
6d916000-6d917000 rw-p 00005000 08:06 266705     /usr/lib/i386-linux-gnu/libXdmcp.so.6.0.0
6d917000-6d919000 r-xp 00000000 08:06 266694     /usr/lib/i386-linux-gnu/libXau.so.6.0.0
6d919000-6d91a000 r--p 00001000 08:06 266694     /usr/lib/i386-linux-gnu/libXau.so.6.0.0
6d91a000-6d91b000 rw-p 00002000 08:06 266694     /usr/lib/i386-linux-gnu/libXau.so.6.0.0
6d91b000-6d91e000 ---p 00000000 00:00 0 
6d91e000-6d99c000 rw-p 00000000 00:00 0 
6d99c000-6d99f000 ---p 00000000 00:00 0 
6d99f000-6d9ed000 rw-p 00000000 00:00 0 
6d9ed000-6d9ee000 ---p 00000000 00:00 0 
6d9ee000-6da6e000 rw-p 00000000 00:00 0 
6da6e000-6dc00000 r--s 037d4000 08:06 531102     /usr/lib/jvm/java-6-openjdk-i386/jre/lib/rt.jar
6dc00000-6dcff000 rw-p 00000000 00:00 0 
6dcff000-6dd00000 ---p 00000000 00:00 0 
6dd00000-6dd02000 r--s 00000000 08:06 3414038    /var/cache/fontconfig/99e8ed0e538f840c565b6ed5dad60d56-le32d4.cache-3
6dd02000-6dd10000 r-xp 00000000 08:06 266713     /usr/lib/i386-linux-gnu/libXi.so.6.1.0
6dd10000-6dd11000 r--p 0000d000 08:06 266713     /usr/lib/i386-linux-gnu/libXi.so.6.1.0
6dd11000-6dd12000 rw-p 0000e000 08:06 266713     /usr/lib/i386-linux-gnu/libXi.so.6.1.0
6dd12000-6dd1a000 r-xp 00000000 08:06 266727     /usr/lib/i386-linux-gnu/libXrender.so.1.3.0
6dd1a000-6dd1b000 r--p 00007000 08:06 266727     /usr/lib/i386-linux-gnu/libXrender.so.1.3.0
6dd1b000-6dd1c000 rw-p 00008000 08:06 266727     /usr/lib/i386-linux-gnu/libXrender.so.1.3.0
6dd1c000-6dd2c000 r-xp 00000000 08:06 266707     /usr/lib/i386-linux-gnu/libXext.so.6.4.0
6dd2c000-6dd2d000 r--p 0000f000 08:06 266707     /usr/lib/i386-linux-gnu/libXext.so.6.4.0
6dd2d000-6dd2e000 rw-p 00010000 08:06 266707     /usr/lib/i386-linux-gnu/libXext.so.6.4.0
6dd2e000-6dd31000 ---p 00000000 00:00 0 
6dd31000-6dd7f000 rw-p 00000000 00:00 0 
6dd7f000-6dd80000 ---p 00000000 00:00 0 
6dd80000-6de00000 rw-p 00000000 00:00 0 
6de00000-6de21000 rw-p 00000000 00:00 0 
6de21000-6df00000 ---p 00000000 00:00 0 
6df00000-6df21000 rw-p 00000000 00:00 0 
6df21000-6e000000 ---p 00000000 00:00 0 
6e000000-6e005000 r-xp 00000000 08:06 266731     /usr/lib/i386-linux-gnu/libXtst.so.6.1.0
6e005000-6e006000 r--p 00004000 08:06 266731     /usr/lib/i386-linux-gnu/libXtst.so.6.1.0
6e006000-6e007000 rw-p 00005000 08:06 266731     /usr/lib/i386-linux-gnu/libXtst.so.6.1.0
6e007000-6e008000 r--s 00000000 08:06 3414082    /var/cache/fontconfig/c05880de57d1f5e948fdfacc138775d9-le32d4.cache-3
6e008000-6e009000 r--s 00000000 08:06 3414035    /var/cache/fontconfig/e7071f4a29fa870f4323321c154eba04-le32d4.cache-3
6e009000-6e00a000 r--s 00000000 08:06 3414023    /var/cache/fontconfig/56cf4f4769d0f4abc89a4895d7bd3ae1-le32d4.cache-3
6e00a000-6e00b000 r--s 00000000 08:06 3414022    /var/cache/fontconfig/b9d506c9ac06c20b433354fa67a72993-le32d4.cache-3
6e00b000-6e00f000 r--s 00000000 08:06 3413907    /var/cache/fontconfig/b47c4e1ecd0709278f4910c18777a504-le32d4.cache-3
6e00f000-6e01c000 r--s 00000000 08:06 3407964    /var/cache/fontconfig/d52a8644073d54c13679302ca1180695-le32d4.cache-3
6e01c000-6e01e000 r--s 00000000 08:06 3407972    /var/cache/fontconfig/e13b20fdb08344e0e664864cc2ede53d-le32d4.cache-3
6e01e000-6e02e000 r--s 000f3000 00:14 10888009   /home/samuel/workspace/CollisionAlpha/libs/gdx.jar
6e02e000-6e031000 ---p 00000000 00:00 0 
6e031000-6e07f000 rw-p 00000000 00:00 0 
6e07f000-6e080000 ---p 00000000 00:00 0 
6e080000-6e100000 rw-p 00000000 00:00 0 
6e100000-6e121000 rw-p 00000000 00:00 0 
6e121000-6e200000 ---p 00000000 00:00 0 
6e200000-6e203000 r--s 00000000 08:06 3416369    /var/cache/fontconfig/7ef2298fde41cc6eeb7af42e48b7d293-le32d4.cache-3
6e203000-6e209000 r--s 000fc000 08:06 663319     /usr/lib/jvm/java-6-openjdk-common/jre/lib/resources.jar
6e209000-6e20a000 r--s 0011a000 00:14 10888010   /home/samuel/workspace/CollisionAlpha/libs/gdx-natives.jar
6e20a000-6e21e000 r--s 0014b000 00:14 10888011   /home/samuel/workspace/CollisionAlpha/libs/gdx-backend-lwjgl.jar
6e21e000-6e251000 rw-p 00000000 00:00 0 
6e251000-6e252000 ---p 00000000 00:00 0 
6e252000-6e2d2000 rw-p 00000000 00:00 0 
6e2d2000-6e2d3000 ---p 00000000 00:00 0 
6e2d3000-6e35b000 rw-p 00000000 00:00 0 
6e35b000-6e393000 rw-p 00000000 00:00 0 
6e393000-6e3a8000 rw-p 00000000 00:00 0 
6e3a8000-6e4d8000 rw-p 00000000 00:00 0 
6e4d8000-6e4e0000 rw-p 00000000 00:00 0 
6e4e0000-6e518000 rw-p 00000000 00:00 0 
6e518000-6e52d000 rw-p 00000000 00:00 0 
6e52d000-6e65c000 rw-p 00000000 00:00 0 
6e65c000-6e665000 rw-p 00000000 00:00 0 
6e665000-6e667000 ---p 00000000 00:00 0 
6e667000-6e6ff000 rw-p 00000000 00:00 0 
6e6ff000-6f700000 rw-p 00000000 00:00 0 
6f700000-76700000 rw-p 00000000 00:00 0 
76700000-78fa0000 rw-p 00000000 00:00 0 
78fa0000-9f060000 rw-p 00000000 00:00 0 
9f060000-9ff50000 rw-p 00000000 00:00 0 
9ff50000-a04a0000 ---p 00000000 00:00 0 
a04a0000-b3500000 rw-p 00000000 00:00 0 
b3500000-b3501000 r--s 00000000 08:06 3414034    /var/cache/fontconfig/0d8c3b2ac0904cb8a57a757ad11a4a08-le32d4.cache-3
b3501000-b3504000 r--s 0007f000 08:06 663323     /usr/lib/jvm/java-6-openjdk-common/jre/lib/jsse.jar
b3504000-b350d000 rw-p 00000000 00:00 0 
b350d000-b35c4000 rw-p 00000000 00:00 0 
b35c4000-b3804000 rwxp 00000000 00:00 0 
b3804000-b65c4000 rw-p 00000000 00:00 0 
b65c4000-b65cf000 r-xp 00000000 08:06 9048550    /lib/i386-linux-gnu/libnss_files-2.15.so
b65cf000-b65d0000 r--p 0000a000 08:06 9048550    /lib/i386-linux-gnu/libnss_files-2.15.so
b65d0000-b65d1000 rw-p 0000b000 08:06 9048550    /lib/i386-linux-gnu/libnss_files-2.15.so
b65d1000-b65db000 r-xp 00000000 08:06 9048554    /lib/i386-linux-gnu/libnss_nis-2.15.so
b65db000-b65dc000 r--p 00009000 08:06 9048554    /lib/i386-linux-gnu/libnss_nis-2.15.so
b65dc000-b65dd000 rw-p 0000a000 08:06 9048554    /lib/i386-linux-gnu/libnss_nis-2.15.so
b65dd000-b65f3000 r-xp 00000000 08:06 9048566    /lib/i386-linux-gnu/libnsl-2.15.so
b65f3000-b65f4000 r--p 00015000 08:06 9048566    /lib/i386-linux-gnu/libnsl-2.15.so
b65f4000-b65f5000 rw-p 00016000 08:06 9048566    /lib/i386-linux-gnu/libnsl-2.15.so
b65f5000-b65f7000 rw-p 00000000 00:00 0 
b65f7000-b65fe000 r-xp 00000000 08:06 9048548    /lib/i386-linux-gnu/libnss_compat-2.15.so
b65fe000-b65ff000 r--p 00006000 08:06 9048548    /lib/i386-linux-gnu/libnss_compat-2.15.so
b65ff000-b6600000 rw-p 00007000 08:06 9048548    /lib/i386-linux-gnu/libnss_compat-2.15.so
b6600000-b6700000 rw-p 00000000 00:00 0 
b6700000-b6701000 r--s 00000000 08:06 3414029    /var/cache/fontconfig/4794a0821666d79190d59a36cb4f44b5-le32d4.cache-3
b6701000-b6702000 r--s 00162000 00:14 10888012   /home/samuel/workspace/CollisionAlpha/libs/gdx-backend-lwjgl-natives.jar
b6702000-b6703000 r--s 00007000 08:06 531118     /usr/share/java/java-atk-wrapper.jar
b6703000-b6705000 r--s 00001000 08:06 1317936    /usr/lib/jvm/java-6-openjdk-common/jre/lib/ext/dnsns.jar
b6705000-b6709000 r--s 00039000 08:06 1317932    /usr/lib/jvm/java-6-openjdk-common/jre/lib/ext/sunpkcs11.jar
b6709000-b670b000 r--s 0000f000 08:06 1317926    /usr/lib/jvm/java-6-openjdk-common/jre/lib/ext/pulse-java.jar
b670b000-b6712000 r-xp 00000000 08:06 787207     /usr/lib/jvm/java-6-openjdk-i386/jre/lib/i386/libzip.so
b6712000-b6713000 r--p 00006000 08:06 787207     /usr/lib/jvm/java-6-openjdk-i386/jre/lib/i386/libzip.so
b6713000-b6714000 rw-p 00007000 08:06 787207     /usr/lib/jvm/java-6-openjdk-i386/jre/lib/i386/libzip.so
b6714000-b671c000 rw-s 00000000 08:06 12451874   /tmp/hsperfdata_samuel/18264
b671c000-b6742000 r-xp 00000000 08:06 787203     /usr/lib/jvm/java-6-openjdk-i386/jre/lib/i386/libjava.so
b6742000-b6743000 r--p 00025000 08:06 787203     /usr/lib/jvm/java-6-openjdk-i386/jre/lib/i386/libjava.so
b6743000-b6745000 rw-p 00026000 08:06 787203     /usr/lib/jvm/java-6-openjdk-i386/jre/lib/i386/libjava.so
b6745000-b674c000 r-xp 00000000 08:06 9048553    /lib/i386-linux-gnu/librt-2.15.so
b674c000-b674d000 r--p 00006000 08:06 9048553    /lib/i386-linux-gnu/librt-2.15.so
b674d000-b674e000 rw-p 00007000 08:06 9048553    /lib/i386-linux-gnu/librt-2.15.so
b674e000-b6751000 ---p 00000000 00:00 0 
b6751000-b679f000 rw-p 00000000 00:00 0 
b679f000-b67bb000 r-xp 00000000 08:06 9044916    /lib/i386-linux-gnu/libgcc_s.so.1
b67bb000-b67bc000 r--p 0001b000 08:06 9044916    /lib/i386-linux-gnu/libgcc_s.so.1
b67bc000-b67bd000 rw-p 0001c000 08:06 9044916    /lib/i386-linux-gnu/libgcc_s.so.1
b67bd000-b67e7000 r-xp 00000000 08:06 9048557    /lib/i386-linux-gnu/libm-2.15.so
b67e7000-b67e8000 r--p 00029000 08:06 9048557    /lib/i386-linux-gnu/libm-2.15.so
b67e8000-b67e9000 rw-p 0002a000 08:06 9048557    /lib/i386-linux-gnu/libm-2.15.so
b67e9000-b68c1000 r-xp 00000000 08:06 267221     /usr/lib/i386-linux-gnu/libstdc++.so.6.0.16
b68c1000-b68c2000 ---p 000d8000 08:06 267221     /usr/lib/i386-linux-gnu/libstdc++.so.6.0.16
b68c2000-b68c6000 r--p 000d8000 08:06 267221     /usr/lib/i386-linux-gnu/libstdc++.so.6.0.16
b68c6000-b68c7000 rw-p 000dc000 08:06 267221     /usr/lib/i386-linux-gnu/libstdc++.so.6.0.16
b68c7000-b68ce000 rw-p 00000000 00:00 0 
b68ce000-b70ed000 r-xp 00000000 08:06 1052662    /usr/lib/jvm/java-6-openjdk-i386/jre/lib/i386/server/libjvm.so
b70ed000-b70ee000 ---p 0081f000 08:06 1052662    /usr/lib/jvm/java-6-openjdk-i386/jre/lib/i386/server/libjvm.so
b70ee000-b7133000 r--p 0081f000 08:06 1052662    /usr/lib/jvm/java-6-openjdk-i386/jre/lib/i386/server/libjvm.so
b7133000-b7142000 rw-p 00864000 08:06 1052662    /usr/lib/jvm/java-6-openjdk-i386/jre/lib/i386/server/libjvm.so
b7142000-b755e000 rw-p 00000000 00:00 0 
b755e000-b7572000 r-xp 00000000 08:06 9045006    /lib/i386-linux-gnu/libz.so.1.2.3.4
b7572000-b7573000 r--p 00013000 08:06 9045006    /lib/i386-linux-gnu/libz.so.1.2.3.4
b7573000-b7574000 rw-p 00014000 08:06 9045006    /lib/i386-linux-gnu/libz.so.1.2.3.4
b7574000-b7717000 r-xp 00000000 08:06 9045054    /lib/i386-linux-gnu/libc-2.15.so
b7717000-b7718000 ---p 001a3000 08:06 9045054    /lib/i386-linux-gnu/libc-2.15.so
b7718000-b771a000 r--p 001a3000 08:06 9045054    /lib/i386-linux-gnu/libc-2.15.so
b771a000-b771b000 rw-p 001a5000 08:06 9045054    /lib/i386-linux-gnu/libc-2.15.so
b771b000-b771e000 rw-p 00000000 00:00 0 
b771e000-b7721000 r-xp 00000000 08:06 9048561    /lib/i386-linux-gnu/libdl-2.15.so
b7721000-b7722000 r--p 00002000 08:06 9048561    /lib/i386-linux-gnu/libdl-2.15.so
b7722000-b7723000 rw-p 00003000 08:06 9048561    /lib/i386-linux-gnu/libdl-2.15.so
b7723000-b7727000 r-xp 00000000 08:06 1320585    /usr/lib/jvm/java-6-openjdk-i386/jre/lib/i386/jli/libjli.so
b7727000-b7728000 r--p 00003000 08:06 1320585    /usr/lib/jvm/java-6-openjdk-i386/jre/lib/i386/jli/libjli.so
b7728000-b7729000 rw-p 00004000 08:06 1320585    /usr/lib/jvm/java-6-openjdk-i386/jre/lib/i386/jli/libjli.so
b7729000-b772a000 rw-p 00000000 00:00 0 
b772a000-b7741000 r-xp 00000000 08:06 9048555    /lib/i386-linux-gnu/libpthread-2.15.so
b7741000-b7742000 r--p 00016000 08:06 9048555    /lib/i386-linux-gnu/libpthread-2.15.so
b7742000-b7743000 rw-p 00017000 08:06 9048555    /lib/i386-linux-gnu/libpthread-2.15.so
b7743000-b7745000 rw-p 00000000 00:00 0 
b7745000-b7748000 r--s 00077000 08:06 1317930    /usr/lib/jvm/java-6-openjdk-common/jre/lib/ext/localedata.jar
b7748000-b774b000 r--s 00031000 08:06 1317929    /usr/lib/jvm/java-6-openjdk-common/jre/lib/ext/sunjce_provider.jar
b774b000-b774c000 r--p 005e0000 08:06 269313     /usr/lib/locale/locale-archive
b774c000-b774d000 rw-p 00000000 00:00 0 
b774d000-b774e000 r--p 00000000 00:00 0 
b774e000-b7759000 r-xp 00000000 08:06 790400     /usr/lib/jvm/java-6-openjdk-i386/jre/lib/i386/libverify.so
b7759000-b775a000 ---p 0000b000 08:06 790400     /usr/lib/jvm/java-6-openjdk-i386/jre/lib/i386/libverify.so
b775a000-b775b000 r--p 0000b000 08:06 790400     /usr/lib/jvm/java-6-openjdk-i386/jre/lib/i386/libverify.so
b775b000-b775c000 rw-p 0000c000 08:06 790400     /usr/lib/jvm/java-6-openjdk-i386/jre/lib/i386/libverify.so
b775c000-b775e000 rw-p 00000000 00:00 0 
b775e000-b775f000 r-xp 00000000 00:00 0          [vdso]
b775f000-b777f000 r-xp 00000000 08:06 9048558    /lib/i386-linux-gnu/ld-2.15.so
b777f000-b7780000 r--p 0001f000 08:06 9048558    /lib/i386-linux-gnu/ld-2.15.so
b7780000-b7781000 rw-p 00020000 08:06 9048558    /lib/i386-linux-gnu/ld-2.15.so
bfc8e000-bfcaf000 rw-p 00000000 00:00 0          [stack]

VM Arguments:
jvm_args: -Dfile.encoding=UTF-8 
java_command: collisionalpha.game.GameMain
Launcher Type: SUN_STANDARD

Environment Variables:
PATH=/usr/lib/lightdm/lightdm:/usr/local/sbin:/usr/local/bin:/usr/sbin:/usr/bin:/sbin:/bin:/usr/games
LD_LIBRARY_PATH=/usr/lib/jvm/java-6-openjdk-i386/jre/lib/i386/server:/usr/lib/jvm/java-6-openjdk-i386/jre/lib/i386:/usr/lib/jvm/java-6-openjdk-i386/jre/../lib/i386:/usr/lib/jvm/java-6-openjdk-i386/jre/lib/i386/client:/usr/lib/jvm/java-6-openjdk-i386/jre/lib/i386:
SHELL=/bin/bash
DISPLAY=:0

Signal Handlers:
SIGSEGV: [libjvm.so+0x66b360], sa_mask[0]=0x7ffbfeff, sa_flags=0x10000004
SIGBUS: [libjvm.so+0x66b360], sa_mask[0]=0x7ffbfeff, sa_flags=0x10000004
SIGFPE: [libjvm.so+0x52e900], sa_mask[0]=0x7ffbfeff, sa_flags=0x10000004
SIGPIPE: [libjvm.so+0x52e900], sa_mask[0]=0x7ffbfeff, sa_flags=0x10000004
SIGXFSZ: [libjvm.so+0x52e900], sa_mask[0]=0x7ffbfeff, sa_flags=0x10000004
SIGILL: [libjvm.so+0x52e900], sa_mask[0]=0x7ffbfeff, sa_flags=0x10000004
SIGUSR1: SIG_DFL, sa_mask[0]=0x00000000, sa_flags=0x00000000
SIGUSR2: [libjvm.so+0x52e790], sa_mask[0]=0x00000004, sa_flags=0x10000004
SIGHUP: [libjvm.so+0x531830], sa_mask[0]=0x7ffbfeff, sa_flags=0x10000004
SIGINT: [libjvm.so+0x531830], sa_mask[0]=0x7ffbfeff, sa_flags=0x10000004
SIGTERM: [libjvm.so+0x531830], sa_mask[0]=0x7ffbfeff, sa_flags=0x10000004
SIGQUIT: [libjvm.so+0x531830], sa_mask[0]=0x7ffbfeff, sa_flags=0x10000004


---------------  S Y S T E M  ---------------

OS:Ubuntu 12.04 (precise)
uname:Linux 3.2.0-37-generic-pae #58-Ubuntu SMP Thu Jan 24 15:51:02 UTC 2013 i686
libc:glibc 2.15 NPTL 2.15 
rlimit: STACK 8192k, CORE 0k, NPROC 30979, NOFILE 4096, AS infinity
load average:0.62 0.40 0.45

/proc/meminfo:
MemTotal:        3985420 kB
MemFree:         1559504 kB
Buffers:          164040 kB
Cached:          1565304 kB
SwapCached:            0 kB
Active:          1236528 kB
Inactive:        1005752 kB
Active(anon):     513780 kB
Inactive(anon):     1960 kB
Active(file):     722748 kB
Inactive(file):  1003792 kB
Unevictable:           0 kB
Mlocked:               0 kB
HighTotal:       3138520 kB
HighFree:        1031264 kB
LowTotal:         846900 kB
LowFree:          528240 kB
SwapTotal:       9630716 kB
SwapFree:        9630716 kB
Dirty:               204 kB
Writeback:             0 kB
AnonPages:        512916 kB
Mapped:           124548 kB
Shmem:              2808 kB
Slab:             122532 kB
SReclaimable:      94064 kB
SUnreclaim:        28468 kB
KernelStack:        3048 kB
PageTables:         5224 kB
NFS_Unstable:          0 kB
Bounce:                0 kB
WritebackTmp:          0 kB
CommitLimit:    11623424 kB
Committed_AS:    1882388 kB
VmallocTotal:     122880 kB
VmallocUsed:       59956 kB
VmallocChunk:      60064 kB
HardwareCorrupted:     0 kB
AnonHugePages:         0 kB
HugePages_Total:       0
HugePages_Free:        0
HugePages_Rsvd:        0
HugePages_Surp:        0
Hugepagesize:       2048 kB
DirectMap4k:       79864 kB
DirectMap2M:      833536 kB


CPU:total 4 (2 cores per cpu, 2 threads per core) family 6 model 37 stepping 5, cmov, cx8, fxsr, mmx, sse, sse2, sse3, ssse3, sse4.1, sse4.2, popcnt, ht

Memory: 4k page, physical 3985420k(1559504k free), swap 9630716k(9630716k free)

vm_info: OpenJDK Server VM (20.0-b12) for linux-x86 JRE (1.6.0_27-b27), built on Feb 20 2013 00:09:43 by "buildd" with gcc 4.6.3

time: Thu Feb 21 18:34:18 2013
elapsed time: 31 seconds

