#
# A fatal error has been detected by the Java Runtime Environment:
#
#  SIGBUS (0x7) at pc=0x6d751fa0, pid=18130, tid=1743780672
#
# JRE version: 6.0_27-b27
# Java VM: OpenJDK Server VM (20.0-b12 mixed mode linux-x86 )
# Derivative: IcedTea6 1.12.3
# Distribution: Ubuntu 12.04 LTS, package 6b27-1.12.3-0ubuntu1~12.04
# Problematic frame:
# 
[error occurred during error reporting (printing problematic frame), id 0x7]

# If you would like to submit a bug report, please include
# instructions how to reproduce the bug and visit:
#   https://bugs.launchpad.net/ubuntu/+source/openjdk-6/
# The crash happened outside the Java Virtual Machine in native code.
# See problematic frame for where to report the bug.
#

---------------  T H R E A D  ---------------

Current thread (0x6d1aec00):  JavaThread "LWJGL Application" [_thread_in_native, id=18159, stack(0x67eaf000,0x67f00000)]

siginfo:si_signo=SIGBUS: si_errno=0, si_code=2 (BUS_ADRERR), si_addr=0x6d751fa0

Registers:
EAX=0x6d751fa0, EBX=0x6eda2008, ECX=0x6d1aed20, EDX=0x6eda2800
ESP=0x67efebdc, EBP=0x67efec14, ESI=0x6eda2008, EDI=0x6d1aec00
EIP=0x6d751fa0, EFLAGS=0x00010a03, CR2=0x6d751fa0

Top of Stack: (sp=0x67efebdc)
0x67efebdc:   b35c364a 6d1aed20 67efec1c 00013880
0x67efebec:   67efec00 67efec24 67efebf4 00000000
0x67efebfc:   67efec24 6eda2800 00000000 6eda2008
0x67efec0c:   00000000 67efec24 67efec48 b35bc047
0x67efec1c:   6eda27a0 b35c14d6 00013880 67efec28
0x67efec2c:   6eda1d01 67efec5c 6eda2800 6ee11da0
0x67efec3c:   6eda1d58 67efec24 67efec60 004fb4d7
0x67efec4c:   b3628ba0 00000000 00000000 00000000 

Instructions: (pc=0x6d751fa0)
0x6d751f80:   ff 92 98 03 00 00 89 04 24 e8 e2 23 fd ff 83 c4
0x6d751f90:   18 5b c3 8d b6 00 00 00 00 8d bc 27 00 00 00 00
0x6d751fa0:   83 ec 1c 89 5c 24 10 e8 fb 31 fd ff 81 c3 48 c0
0x6d751fb0:   02 00 89 7c 24 18 8b 7c 24 28 89 74 24 14 8b 74 

Register to memory mapping:

EAX=