#
# A fatal error has been detected by the Java Runtime Environment:
#
#  SIGBUS (0x7) at pc=0x6dc24820, pid=16593, tid=1743731520
#
# JRE version: 6.0_27-b27
# Java VM: OpenJDK Server VM (20.0-b12 mixed mode linux-x86 )
# Derivative: IcedTea6 1.12.3
# Distribution: Ubuntu 12.04 LTS, package 6b27-1.12.3-0ubuntu1~12.04
# Problematic frame:
# 
[error occurred during error reporting (printing problematic frame), id 0x7]

# If you would like to submit a bug report, please include
# instructions how to reproduce the bug and visit:
#   https://bugs.launchpad.net/ubuntu/+source/openjdk-6/
# The crash happened outside the Java Virtual Machine in native code.
# See problematic frame for where to report the bug.
#

---------------  T H R E A D  ---------------

Current thread (0x6d0c6c00):  JavaThread "LWJGL Application" [_thread_in_native, id=16616, stack(0x67ea3000,0x67ef4000)]

siginfo:si_signo=SIGBUS: si_errno=0, si_code=2 (BUS_ADRERR), si_addr=0x6dc7e2e8

Registers:
EAX=0x6dc51fa0, EBX=0x6dc7dff4, ECX=0x6d0c6d20, EDX=0x6ecf2680
ESP=0x67ef2a3c, EBP=0x67ef2a94, ESI=0x6d0c6d20, EDI=0x00013880
EIP=0x6dc24820, EFLAGS=0x00010212, CR2=0x6dc7e2e8

Top of Stack: (sp=0x67ef2a3c)
0x67ef2a3c:   6dc51fca 00013880 67ef2a78 feffffff
0x67ef2a4c:   65d6a008 6ecf1e88 6ecf1e88 6d0c6c00
0x67ef2a5c:   b350a64a 6d0c6d20 67ef2a9c 00013880
0x67ef2a6c:   67ef2a80 67ef2aa4 67ef2a74 00000000
0x67ef2a7c:   67ef2aa4 6ecf2680 00000000 6ecf1e88
0x67ef2a8c:   00000000 67ef2aa4 67ef2ac8 b3503047
0x67ef2a9c:   6ecf2620 b35084d6 00013880 67ef2aa8
0x67ef2aac:   6ecf1b81 67ef2adc 6ecf2680 6ed60608 

Instructions: (pc=0x6dc24820)
0x6dc24800:   ff a3 ec 02 00 00 68 c0 05 00 00 e9 60 f4 ff ff
0x6dc24810:   ff a3 f0 02 00 00 68 c8 05 00 00 e9 50 f4 ff ff
0x6dc24820:   ff a3 f4 02 00 00 68 d0 05 00 00 e9 40 f4 ff ff
0x6dc24830:   ff a3 f8 02 00 00 68 d8 05 00 00 e9 30 f4 ff ff 

Register to memory mapping:

EAX=