#
# A fatal error has been detected by the Java Runtime Environment:
#
#  SIGBUS (0x7) at pc=0x6ccec416, pid=18225, tid=1746033472
#
# JRE version: 6.0_27-b27
# Java VM: OpenJDK Server VM (20.0-b12 mixed mode linux-x86 )
# Derivative: IcedTea6 1.12.3
# Distribution: Ubuntu 12.04 LTS, package 6b27-1.12.3-0ubuntu1~12.04
# Problematic frame:
# 
[error occurred during error reporting (printing problematic frame), id 0x7]

# If you would like to submit a bug report, please include
# instructions how to reproduce the bug and visit:
#   https://bugs.launchpad.net/ubuntu/+source/openjdk-6/
#

---------------  T H R E A D  ---------------

Current thread is native thread

siginfo:si_signo=SIGBUS: si_errno=0, si_code=2 (BUS_ADRERR), si_addr=0x6ccec416

Registers:
EAX=0x00000000, EBX=0x6cd13ff4, ECX=0x00000000, EDX=0x00000000
ESP=0x681252b0, EBP=0x00000000, ESI=0x681252c8, EDI=0x681252c0
EIP=0x6ccec416, EFLAGS=0x00210217, CR2=0x6ccec416

Top of Stack: (sp=0x681252b0)
0x681252b0:   681252c8 681252c0 00000000 00002000
0x681252c0:   00000000 00000000 00000000 000f4240
0x681252d0:   6cd13ff4 00001d88 6d17c1c0 6ccf9619
0x681252e0:   00000001 681d6028 00002000 00000000
0x681252f0:   00000000 00000000 00000000 00000000
0x68125300:   00000000 00000000 00000000 00000008
0x68125310:   6812532c 68125328 00002000 00007f68
0x68125320:   00000000 00000000 681d6028 00002000 

Instructions: (pc=0x6ccec416)
0x6ccec3f6:   38 04 75 21 8b 44 24 10 8b 54 24 14 89 44 24 18
0x6ccec406:   89 54 24 1c 89 7c 24 04 89 34 24 e8 8e ff fd ff
0x6ccec416:   83 f8 ff 74 d5 83 c4 20 5b 5e 5f c3 8d b4 26 00
0x6ccec426:   00 00 00 8d bc 27 00 00 00 00 83 ec 2c 89 5c 24 

Register to memory mapping:

EAX=0x00000000 is an unknown value
EBX=