#
# A fatal error has been detected by the Java Runtime Environment:
#
#  SIGBUS (0x7) at pc=0x6d351fa0, pid=18761, tid=1744120640
#
# JRE version: 6.0_27-b27
# Java VM: OpenJDK Server VM (20.0-b12 mixed mode linux-x86 )
# Derivative: IcedTea6 1.12.3
# Distribution: Ubuntu 12.04 LTS, package 6b27-1.12.3-0ubuntu1~12.04
# Problematic frame:
# 
[error occurred during error reporting (printing problematic frame), id 0x7]

# If you would like to submit a bug report, please include
# instructions how to reproduce the bug and visit:
#   https://bugs.launchpad.net/ubuntu/+source/openjdk-6/
# The crash happened outside the Java Virtual Machine in native code.
# See problematic frame for where to report the bug.
#

---------------  T H R E A D  ---------------

Current thread (0x6d2c7400):  JavaThread "LWJGL Application" [_thread_in_native, id=18789, stack(0x67f02000,0x67f53000)]

siginfo:si_signo=SIGBUS: si_errno=0, si_code=2 (BUS_ADRERR), si_addr=0x6d351fa0

Registers:
EAX=0x6d351fa0, EBX=0x6edb1ea0, ECX=0x6d2c7520, EDX=0x6edb2698
ESP=0x67f51a5c, EBP=0x67f51a94, ESI=0x6edb1ea0, EDI=0x6d2c7400
EIP=0x6d351fa0, EFLAGS=0x00210a03, CR2=0x6d351fa0

Top of Stack: (sp=0x67f51a5c)
0x67f51a5c:   b35d764a 6d2c7520 67f51a9c 00013880
0x67f51a6c:   67f51a80 67f51aa4 67f51a74 00000000
0x67f51a7c:   67f51aa4 6edb2698 00000000 6edb1ea0
0x67f51a8c:   00000000 67f51aa4 67f51ac8 b35d0047
0x67f51a9c:   6edb2638 b35d54d6 00013880 67f51aa8
0x67f51aac:   6edb1b99 67f51adc 6edb2698 6ee22d08
0x67f51abc:   6edb1bf0 67f51aa4 67f51ae0 004f9363
0x67f51acc:   b363eea0 00000000 00000000 00000000 

Instructions: (pc=0x6d351fa0)
0x6d351f80:   ff 92 98 03 00 00 89 04 24 e8 e2 23 fd ff 83 c4
0x6d351f90:   18 5b c3 8d b6 00 00 00 00 8d bc 27 00 00 00 00
0x6d351fa0:   83 ec 1c 89 5c 24 10 e8 fb 31 fd ff 81 c3 48 c0
0x6d351fb0:   02 00 89 7c 24 18 8b 7c 24 28 89 74 24 14 8b 74 

Register to memory mapping:

EAX=