#
# A fatal error has been detected by the Java Runtime Environment:
#
#  SIGBUS (0x7) at pc=0x6cd92416, pid=18699, tid=1746578240
#
# JRE version: 6.0_27-b27
# Java VM: OpenJDK Server VM (20.0-b12 mixed mode linux-x86 )
# Derivative: IcedTea6 1.12.3
# Distribution: Ubuntu 12.04 LTS, package 6b27-1.12.3-0ubuntu1~12.04
# Problematic frame:
# 
[error occurred during error reporting (printing problematic frame), id 0x7]

# If you would like to submit a bug report, please include
# instructions how to reproduce the bug and visit:
#   https://bugs.launchpad.net/ubuntu/+source/openjdk-6/
#

---------------  T H R E A D  ---------------

Current thread is native thread

siginfo:si_signo=SIGBUS: si_errno=0, si_code=2 (BUS_ADRERR), si_addr=0x6cd92416

Registers:
EAX=0x00000000, EBX=0x6cdb9ff4, ECX=0x00000000, EDX=0x00000000
ESP=0x681aa2b0, EBP=0x00000000, ESI=0x681aa2c8, EDI=0x681aa2c0
EIP=0x6cd92416, EFLAGS=0x00210217, CR2=0x6cd92416

Top of Stack: (sp=0x681aa2b0)
0x681aa2b0:   681aa2c8 681aa2c0 00000000 00002000
0x681aa2c0:   00000000 00000000 00000000 000f4240
0x681aa2d0:   6cdb9ff4 00001fc8 6d2a5d80 6cd9f619
0x681aa2e0:   00000001 6826b028 00002000 00000000
0x681aa2f0:   00000000 00000000 00000000 00000000
0x681aa300:   00000000 00000000 00000000 00000008
0x681aa310:   681aa32c 681aa328 00002000 00007f68
0x681aa320:   00000000 00000000 6826b028 00002000 

Instructions: (pc=0x6cd92416)
0x6cd923f6:   38 04 75 21 8b 44 24 10 8b 54 24 14 89 44 24 18
0x6cd92406:   89 54 24 1c 89 7c 24 04 89 34 24 e8 8e ff fd ff
0x6cd92416:   83 f8 ff 74 d5 83 c4 20 5b 5e 5f c3 8d b4 26 00
0x6cd92426:   00 00 00 8d bc 27 00 00 00 00 83 ec 2c 89 5c 24 

Register to memory mapping:

EAX=0x00000000 is an unknown value
EBX=