#
# A fatal error has been detected by the Java Runtime Environment:
#
#  SIGBUS (0x7) at pc=0x6dc51fa0, pid=18806, tid=1744784192
#
# JRE version: 6.0_27-b27
# Java VM: OpenJDK Server VM (20.0-b12 mixed mode linux-x86 )
# Derivative: IcedTea6 1.12.3
# Distribution: Ubuntu 12.04 LTS, package 6b27-1.12.3-0ubuntu1~12.04
# Problematic frame:
# 
[error occurred during error reporting (printing problematic frame), id 0x7]

# If you would like to submit a bug report, please include
# instructions how to reproduce the bug and visit:
#   https://bugs.launchpad.net/ubuntu/+source/openjdk-6/
# The crash happened outside the Java Virtual Machine in native code.
# See problematic frame for where to report the bug.
#

---------------  T H R E A D  ---------------

Current thread (0x6d0cdc00):  JavaThread "LWJGL Application" [_thread_in_native, id=18832, stack(0x67fa4000,0x67ff5000)]

siginfo:si_signo=SIGBUS: si_errno=0, si_code=2 (BUS_ADRERR), si_addr=0x6dc51fa0

Registers:
EAX=0x6dc51fa0, EBX=0x6ecf1ea0, ECX=0x6d0cdd20, EDX=0x6ecf2698
ESP=0x67ff3ddc, EBP=0x67ff3e14, ESI=0x6ecf1ea0, EDI=0x6d0cdc00
EIP=0x6dc51fa0, EFLAGS=0x00210a07, CR2=0x6dc51fa0

Top of Stack: (sp=0x67ff3ddc)
0x67ff3ddc:   b350a64a 6d0cdd20 67ff3e1c 00013880
0x67ff3dec:   67ff3e00 67ff3e24 67ff3df4 00000000
0x67ff3dfc:   67ff3e24 6ecf2698 00000000 6ecf1ea0
0x67ff3e0c:   00000000 67ff3e24 67ff3e48 b3503047
0x67ff3e1c:   6ecf2638 b35084d6 00013880 67ff3e28
0x67ff3e2c:   6ecf1b99 67ff3e5c 6ecf2698 6ed614a0
0x67ff3e3c:   6ecf1bf0 67ff3e24 67ff3e60 004fb74c
0x67ff3e4c:   b356f8a0 00000000 00000000 00000000 

Instructions: (pc=0x6dc51fa0)
0x6dc51f80:   ff 92 98 03 00 00 89 04 24 e8 e2 23 fd ff 83 c4
0x6dc51f90:   18 5b c3 8d b6 00 00 00 00 8d bc 27 00 00 00 00
0x6dc51fa0:   83 ec 1c 89 5c 24 10 e8 fb 31 fd ff 81 c3 48 c0
0x6dc51fb0:   02 00 89 7c 24 18 8b 7c 24 28 89 74 24 14 8b 74 

Register to memory mapping:

EAX=